# JRE version: 7.0_13-b20
# Java VM: Java HotSpot(TM) Client VM (23.7-b01 mixed mode, sharing windows-x86 )
Heap
 def new generation   total 4736K, used 871K [0x23830000, 0x23d50000, 0x28ad0000)
  eden space 4224K,   8% used [0x23830000, 0x23889e88, 0x23c50000)
  from space 512K, 100% used [0x23cd0000, 0x23d50000, 0x23d50000)
  to   space 512K,   0% used [0x23c50000, 0x23c50000, 0x23cd0000)
 tenured generation   total 10560K, used 8013K [0x28ad0000, 0x29520000, 0x33030000)
   the space 10560K,  75% used [0x28ad0000, 0x292a3450, 0x292a3600, 0x29520000)
 compacting perm gen  total 12288K, used 7461K [0x33030000, 0x33c30000, 0x37030000)
   the space 12288K,  60% used [0x33030000, 0x337795c0, 0x33779600, 0x33c30000)
    ro space 10240K,  42% used [0x37030000, 0x37471958, 0x37471a00, 0x37a30000)
    rw space 12288K,  54% used [0x37a30000, 0x380b25f0, 0x380b2600, 0x38630000)
GC Heap History (10 events):
Event: 11.190 GC heap before
{Heap before GC invocations=4 (full 0):
 def new generation   total 4736K, used 4507K [0x23830000, 0x23d50000, 0x28ad0000)
  eden space 4224K, 100% used [0x23830000, 0x23c50000, 0x23c50000)
  from space 512K,  55% used [0x23c50000, 0x23c96d58, 0x23cd0000)
  to   space 512K,   0% used [0x23cd0000, 0x23cd0000, 0x23d50000)
 tenured generation   total 10560K, used 2111K [0x28ad0000, 0x29520000, 0x33030000)
   the space 10560K,  19% used [0x28ad0000, 0x28cdfe68, 0x28ce0000, 0x29520000)
 compacting perm gen  total 12288K, used 6255K [0x33030000, 0x33c30000, 0x37030000)
   the space 12288K,  50% used [0x33030000, 0x3364bec8, 0x3364c000, 0x33c30000)
    ro space 10240K,  42% used [0x37030000, 0x37471958, 0x37471a00, 0x37a30000)
    rw space 12288K,  54% used [0x37a30000, 0x380b25f0, 0x380b2600, 0x38630000)
Event: 11.197 GC heap after
Heap after GC invocations=5 (full 0):
 def new generation   total 4736K, used 489K [0x23830000, 0x23d50000, 0x28ad0000)
  eden space 4224K,   0% used [0x23830000, 0x23830000, 0x23c50000)
  from space 512K,  95% used [0x23cd0000, 0x23d4a4f0, 0x23d50000)
  to   space 512K,   0% used [0x23c50000, 0x23c50000, 0x23cd0000)
 tenured generation   total 10560K, used 2357K [0x28ad0000, 0x29520000, 0x33030000)
   the space 10560K,  22% used [0x28ad0000, 0x28d1d650, 0x28d1d800, 0x29520000)
 compacting perm gen  total 12288K, used 6255K [0x33030000, 0x33c30000, 0x37030000)
   the space 12288K,  50% used [0x33030000, 0x3364bec8, 0x3364c000, 0x33c30000)
    ro space 10240K,  42% used [0x37030000, 0x37471958, 0x37471a00, 0x37a30000)
    rw space 12288K,  54% used [0x37a30000, 0x380b25f0, 0x380b2600, 0x38630000)
}
Event: 11.922 GC heap before
{Heap before GC invocations=5 (full 0):
 def new generation   total 4736K, used 3502K [0x23830000, 0x23d50000, 0x28ad0000)
  eden space 4224K,  71% used [0x23830000, 0x23b216e8, 0x23c50000)
  from space 512K,  95% used [0x23cd0000, 0x23d4a4f0, 0x23d50000)
  to   space 512K,   0% used [0x23c50000, 0x23c50000, 0x23cd0000)
 tenured generation   total 10560K, used 2357K [0x28ad0000, 0x29520000, 0x33030000)
   the space 10560K,  22% used [0x28ad0000, 0x28d1d650, 0x28d1d800, 0x29520000)
 compacting perm gen  total 12288K, used 6553K [0x33030000, 0x33c30000, 0x37030000)
   the space 12288K,  53% used [0x33030000, 0x336967a0, 0x33696800, 0x33c30000)
    ro space 10240K,  42% used [0x37030000, 0x37471958, 0x37471a00, 0x37a30000)
    rw space 12288K,  54% used [0x37a30000, 0x380b25f0, 0x380b2600, 0x38630000)
Event: 11.934 GC heap after
Heap after GC invocations=6 (full 0):
 def new generation   total 4736K, used 512K [0x23830000, 0x23d50000, 0x28ad0000)
  eden space 4224K,   0% used [0x23830000, 0x23830000, 0x23c50000)
  from space 512K, 100% used [0x23c50000, 0x23cd0000, 0x23cd0000)
  to   space 512K,   0% used [0x23cd0000, 0x23cd0000, 0x23d50000)
 tenured generation   total 10560K, used 3913K [0x28ad0000, 0x29520000, 0x33030000)
   the space 10560K,  37% used [0x28ad0000, 0x28ea26f8, 0x28ea2800, 0x29520000)
 compacting perm gen  total 12288K, used 6553K [0x33030000, 0x33c30000, 0x37030000)
   the space 12288K,  53% used [0x33030000, 0x336967a0, 0x33696800, 0x33c30000)
    ro space 10240K,  42% used [0x37030000, 0x37471958, 0x37471a00, 0x37a30000)
    rw space 12288K,  54% used [0x37a30000, 0x380b25f0, 0x380b2600, 0x38630000)
}
Event: 17.758 GC heap before
{Heap before GC invocations=6 (full 0):
 def new generation   total 4736K, used 4736K [0x23830000, 0x23d50000, 0x28ad0000)
  eden space 4224K, 100% used [0x23830000, 0x23c50000, 0x23c50000)
  from space 512K, 100% used [0x23c50000, 0x23cd0000, 0x23cd0000)
  to   space 512K,   0% used [0x23cd0000, 0x23cd0000, 0x23d50000)
 tenured generation   total 10560K, used 3913K [0x28ad0000, 0x29520000, 0x33030000)
   the space 10560K,  37% used [0x28ad0000, 0x28ea26f8, 0x28ea2800, 0x29520000)
 compacting perm gen  total 12288K, used 6994K [0x33030000, 0x33c30000, 0x37030000)
   the space 12288K,  56% used [0x33030000, 0x337048f0, 0x33704a00, 0x33c30000)
    ro space 10240K,  42% used [0x37030000, 0x37471958, 0x37471a00, 0x37a30000)
    rw space 12288K,  54% used [0x37a30000, 0x380b25f0, 0x380b2600, 0x38630000)
Event: 17.768 GC heap after
Heap after GC invocations=7 (full 0):
 def new generation   total 4736K, used 498K [0x23830000, 0x23d50000, 0x28ad0000)
  eden space 4224K,   0% used [0x23830000, 0x23830000, 0x23c50000)
  from space 512K,  97% used [0x23cd0000, 0x23d4cb80, 0x23d50000)
  to   space 512K,   0% used [0x23c50000, 0x23c50000, 0x23cd0000)
 tenured generation   total 10560K, used 5905K [0x28ad0000, 0x29520000, 0x33030000)
   the space 10560K,  55% used [0x28ad0000, 0x29094660, 0x29094800, 0x29520000)
 compacting perm gen  total 12288K, used 6994K [0x33030000, 0x33c30000, 0x37030000)
   the space 12288K,  56% used [0x33030000, 0x337048f0, 0x33704a00, 0x33c30000)
    ro space 10240K,  42% used [0x37030000, 0x37471958, 0x37471a00, 0x37a30000)
    rw space 12288K,  54% used [0x37a30000, 0x380b25f0, 0x380b2600, 0x38630000)
}
Event: 19.802 GC heap before
{Heap before GC invocations=7 (full 0):
 def new generation   total 4736K, used 4722K [0x23830000, 0x23d50000, 0x28ad0000)
  eden space 4224K, 100% used [0x23830000, 0x23c50000, 0x23c50000)
  from space 512K,  97% used [0x23cd0000, 0x23d4cb80, 0x23d50000)
  to   space 512K,   0% used [0x23c50000, 0x23c50000, 0x23cd0000)
 tenured generation   total 10560K, used 5905K [0x28ad0000, 0x29520000, 0x33030000)
   the space 10560K,  55% used [0x28ad0000, 0x29094660, 0x29094800, 0x29520000)
 compacting perm gen  total 12288K, used 7450K [0x33030000, 0x33c30000, 0x37030000)
   the space 12288K,  60% used [0x33030000, 0x337769c8, 0x33776a00, 0x33c30000)
    ro space 10240K,  42% used [0x37030000, 0x37471958, 0x37471a00, 0x37a30000)
    rw space 12288K,  54% used [0x37a30000, 0x380b25f0, 0x380b2600, 0x38630000)
Event: 19.808 GC heap after
Heap after GC invocations=8 (full 0):
 def new generation   total 4736K, used 430K [0x23830000, 0x23d50000, 0x28ad0000)
  eden space 4224K,   0% used [0x23830000, 0x23830000, 0x23c50000)
  from space 512K,  84% used [0x23c50000, 0x23cbba68, 0x23cd0000)
  to   space 512K,   0% used [0x23cd0000, 0x23cd0000, 0x23d50000)
 tenured generation   total 10560K, used 6380K [0x28ad0000, 0x29520000, 0x33030000)
   the space 10560K,  60% used [0x28ad0000, 0x2910b020, 0x2910b200, 0x29520000)
 compacting perm gen  total 12288K, used 7450K [0x33030000, 0x33c30000, 0x37030000)
   the space 12288K,  60% used [0x33030000, 0x337769c8, 0x33776a00, 0x33c30000)
    ro space 10240K,  42% used [0x37030000, 0x37471958, 0x37471a00, 0x37a30000)
    rw space 12288K,  54% used [0x37a30000, 0x380b25f0, 0x380b2600, 0x38630000)
}
Event: 26.106 GC heap before
{Heap before GC invocations=8 (full 0):
 def new generation   total 4736K, used 4654K [0x23830000, 0x23d50000, 0x28ad0000)
  eden space 4224K, 100% used [0x23830000, 0x23c50000, 0x23c50000)
  from space 512K,  84% used [0x23c50000, 0x23cbba68, 0x23cd0000)
  to   space 512K,   0% used [0x23cd0000, 0x23cd0000, 0x23d50000)
 tenured generation   total 10560K, used 6380K [0x28ad0000, 0x29520000, 0x33030000)
   the space 10560K,  60% used [0x28ad0000, 0x2910b020, 0x2910b200, 0x29520000)
 compacting perm gen  total 12288K, used 7460K [0x33030000, 0x33c30000, 0x37030000)
   the space 12288K,  60% used [0x33030000, 0x33779208, 0x33779400, 0x33c30000)
    ro space 10240K,  42% used [0x37030000, 0x37471958, 0x37471a00, 0x37a30000)
    rw space 12288K,  54% used [0x37a30000, 0x380b25f0, 0x380b2600, 0x38630000)
Event: 26.118 GC heap after
Heap after GC invocations=9 (full 0):
 def new generation   total 4736K, used 512K [0x23830000, 0x23d50000, 0x28ad0000)
  eden space 4224K,   0% used [0x23830000, 0x23830000, 0x23c50000)
  from space 512K, 100% used [0x23cd0000, 0x23d50000, 0x23d50000)
  to   space 512K,   0% used [0x23c50000, 0x23c50000, 0x23cd0000)
 tenured generation   total 10560K, used 8013K [0x28ad0000, 0x29520000, 0x33030000)
   the space 10560K,  75% used [0x28ad0000, 0x292a3450, 0x292a3600, 0x29520000)
 compacting perm gen  total 12288K, used 7460K [0x33030000, 0x33c30000, 0x37030000)
   the space 12288K,  60% used [0x33030000, 0x33779208, 0x33779400, 0x33c30000)
    ro space 10240K,  42% used [0x37030000, 0x37471958, 0x37471a00, 0x37a30000)
    rw space 12288K,  54% used [0x37a30000, 0x380b25f0, 0x380b2600, 0x38630000)
}

