# JRE version: 7.0_13-b20
# Java VM: Java HotSpot(TM) Client VM (23.7-b01 mixed mode, sharing windows-x86 )
Heap
 def new generation   total 21824K, used 6900K [0x23830000, 0x24fd0000, 0x28ad0000)
  eden space 19456K,  35% used [0x23830000, 0x23eed008, 0x24b30000)
  from space 2368K,   0% used [0x24b30000, 0x24b30000, 0x24d80000)
  to   space 2368K,   0% used [0x24d80000, 0x24d80000, 0x24fd0000)
 tenured generation   total 48288K, used 28970K [0x28ad0000, 0x2b9f8000, 0x33030000)
   the space 48288K,  59% used [0x28ad0000, 0x2a71aa60, 0x2a71ac00, 0x2b9f8000)
 compacting perm gen  total 12288K, used 7985K [0x33030000, 0x33c30000, 0x37030000)
   the space 12288K,  64% used [0x33030000, 0x337fc5d0, 0x337fc600, 0x33c30000)
    ro space 10240K,  42% used [0x37030000, 0x37471958, 0x37471a00, 0x37a30000)
    rw space 12288K,  54% used [0x37a30000, 0x380b25f0, 0x380b2600, 0x38630000)
GC Heap History (10 events):
Event: 70.657 GC heap before
{Heap before GC invocations=14 (full 1):
 def new generation   total 8192K, used 8192K [0x23830000, 0x24110000, 0x28ad0000)
  eden space 7296K, 100% used [0x23830000, 0x23f50000, 0x23f50000)
  from space 896K, 100% used [0x24030000, 0x24110000, 0x24110000)
  to   space 896K,   0% used [0x23f50000, 0x23f50000, 0x24030000)
 tenured generation   total 18028K, used 16005K [0x28ad0000, 0x29c6b000, 0x33030000)
   the space 18028K,  88% used [0x28ad0000, 0x29a717c0, 0x29a71800, 0x29c6b000)
 compacting perm gen  total 12288K, used 7805K [0x33030000, 0x33c30000, 0x37030000)
   the space 12288K,  63% used [0x33030000, 0x337cf4b0, 0x337cf600, 0x33c30000)
    ro space 10240K,  42% used [0x37030000, 0x37471958, 0x37471a00, 0x37a30000)
    rw space 12288K,  54% used [0x37a30000, 0x380b25f0, 0x380b2600, 0x38630000)
Event: 70.785 GC heap after
Heap after GC invocations=15 (full 2):
 def new generation   total 13632K, used 0K [0x23830000, 0x246f0000, 0x28ad0000)
  eden space 12160K,   0% used [0x23830000, 0x23830000, 0x24410000)
  from space 1472K,   0% used [0x24410000, 0x24410000, 0x24580000)
  to   space 1472K,   0% used [0x24580000, 0x24580000, 0x246f0000)
 tenured generation   total 30128K, used 18076K [0x28ad0000, 0x2a83c000, 0x33030000)
   the space 30128K,  59% used [0x28ad0000, 0x29c77280, 0x29c77400, 0x2a83c000)
 compacting perm gen  total 12288K, used 7805K [0x33030000, 0x33c30000, 0x37030000)
   the space 12288K,  63% used [0x33030000, 0x337cf4b0, 0x337cf600, 0x33c30000)
    ro space 10240K,  42% used [0x37030000, 0x37471958, 0x37471a00, 0x37a30000)
    rw space 12288K,  54% used [0x37a30000, 0x380b25f0, 0x380b2600, 0x38630000)
}
Event: 77.040 GC heap before
{Heap before GC invocations=15 (full 2):
 def new generation   total 13632K, used 12160K [0x23830000, 0x246f0000, 0x28ad0000)
  eden space 12160K, 100% used [0x23830000, 0x24410000, 0x24410000)
  from space 1472K,   0% used [0x24410000, 0x24410000, 0x24580000)
  to   space 1472K,   0% used [0x24580000, 0x24580000, 0x246f0000)
 tenured generation   total 30128K, used 18076K [0x28ad0000, 0x2a83c000, 0x33030000)
   the space 30128K,  59% used [0x28ad0000, 0x29c77280, 0x29c77400, 0x2a83c000)
 compacting perm gen  total 12288K, used 7882K [0x33030000, 0x33c30000, 0x37030000)
   the space 12288K,  64% used [0x33030000, 0x337e2b28, 0x337e2c00, 0x33c30000)
    ro space 10240K,  42% used [0x37030000, 0x37471958, 0x37471a00, 0x37a30000)
    rw space 12288K,  54% used [0x37a30000, 0x380b25f0, 0x380b2600, 0x38630000)
Event: 77.061 GC heap after
Heap after GC invocations=16 (full 2):
 def new generation   total 13632K, used 1472K [0x23830000, 0x246f0000, 0x28ad0000)
  eden space 12160K,   0% used [0x23830000, 0x23830000, 0x24410000)
  from space 1472K, 100% used [0x24580000, 0x246f0000, 0x246f0000)
  to   space 1472K,   0% used [0x24410000, 0x24410000, 0x24580000)
 tenured generation   total 30128K, used 20639K [0x28ad0000, 0x2a83c000, 0x33030000)
   the space 30128K,  68% used [0x28ad0000, 0x29ef7d58, 0x29ef7e00, 0x2a83c000)
 compacting perm gen  total 12288K, used 7882K [0x33030000, 0x33c30000, 0x37030000)
   the space 12288K,  64% used [0x33030000, 0x337e2b28, 0x337e2c00, 0x33c30000)
    ro space 10240K,  42% used [0x37030000, 0x37471958, 0x37471a00, 0x37a30000)
    rw space 12288K,  54% used [0x37a30000, 0x380b25f0, 0x380b2600, 0x38630000)
}
Event: 87.433 GC heap before
{Heap before GC invocations=16 (full 2):
 def new generation   total 13632K, used 13632K [0x23830000, 0x246f0000, 0x28ad0000)
  eden space 12160K, 100% used [0x23830000, 0x24410000, 0x24410000)
  from space 1472K, 100% used [0x24580000, 0x246f0000, 0x246f0000)
  to   space 1472K,   0% used [0x24410000, 0x24410000, 0x24580000)
 tenured generation   total 30128K, used 20639K [0x28ad0000, 0x2a83c000, 0x33030000)
   the space 30128K,  68% used [0x28ad0000, 0x29ef7d58, 0x29ef7e00, 0x2a83c000)
 compacting perm gen  total 12288K, used 7903K [0x33030000, 0x33c30000, 0x37030000)
   the space 12288K,  64% used [0x33030000, 0x337e7e90, 0x337e8000, 0x33c30000)
    ro space 10240K,  42% used [0x37030000, 0x37471958, 0x37471a00, 0x37a30000)
    rw space 12288K,  54% used [0x37a30000, 0x380b25f0, 0x380b2600, 0x38630000)
Event: 87.462 GC heap after
Heap after GC invocations=17 (full 2):
 def new generation   total 13632K, used 1472K [0x23830000, 0x246f0000, 0x28ad0000)
  eden space 12160K,   0% used [0x23830000, 0x23830000, 0x24410000)
  from space 1472K, 100% used [0x24410000, 0x24580000, 0x24580000)
  to   space 1472K,   0% used [0x24580000, 0x24580000, 0x246f0000)
 tenured generation   total 30128K, used 24347K [0x28ad0000, 0x2a83c000, 0x33030000)
   the space 30128K,  80% used [0x28ad0000, 0x2a296c38, 0x2a296e00, 0x2a83c000)
 compacting perm gen  total 12288K, used 7903K [0x33030000, 0x33c30000, 0x37030000)
   the space 12288K,  64% used [0x33030000, 0x337e7e90, 0x337e8000, 0x33c30000)
    ro space 10240K,  42% used [0x37030000, 0x37471958, 0x37471a00, 0x37a30000)
    rw space 12288K,  54% used [0x37a30000, 0x380b25f0, 0x380b2600, 0x38630000)
}
Event: 91.522 GC heap before
{Heap before GC invocations=17 (full 2):
 def new generation   total 13632K, used 13632K [0x23830000, 0x246f0000, 0x28ad0000)
  eden space 12160K, 100% used [0x23830000, 0x24410000, 0x24410000)
  from space 1472K, 100% used [0x24410000, 0x24580000, 0x24580000)
  to   space 1472K,   0% used [0x24580000, 0x24580000, 0x246f0000)
 tenured generation   total 30128K, used 24347K [0x28ad0000, 0x2a83c000, 0x33030000)
   the space 30128K,  80% used [0x28ad0000, 0x2a296c38, 0x2a296e00, 0x2a83c000)
 compacting perm gen  total 12288K, used 7920K [0x33030000, 0x33c30000, 0x37030000)
   the space 12288K,  64% used [0x33030000, 0x337ec210, 0x337ec400, 0x33c30000)
    ro space 10240K,  42% used [0x37030000, 0x37471958, 0x37471a00, 0x37a30000)
    rw space 12288K,  54% used [0x37a30000, 0x380b25f0, 0x380b2600, 0x38630000)
Event: 91.550 GC heap after
Heap after GC invocations=18 (full 2):
 def new generation   total 13632K, used 1472K [0x23830000, 0x246f0000, 0x28ad0000)
  eden space 12160K,   0% used [0x23830000, 0x23830000, 0x24410000)
  from space 1472K, 100% used [0x24580000, 0x246f0000, 0x246f0000)
  to   space 1472K,   0% used [0x24410000, 0x24410000, 0x24580000)
 tenured generation   total 30128K, used 27954K [0x28ad0000, 0x2a83c000, 0x33030000)
   the space 30128K,  92% used [0x28ad0000, 0x2a61ca88, 0x2a61cc00, 0x2a83c000)
 compacting perm gen  total 12288K, used 7920K [0x33030000, 0x33c30000, 0x37030000)
   the space 12288K,  64% used [0x33030000, 0x337ec210, 0x337ec400, 0x33c30000)
    ro space 10240K,  42% used [0x37030000, 0x37471958, 0x37471a00, 0x37a30000)
    rw space 12288K,  54% used [0x37a30000, 0x380b25f0, 0x380b2600, 0x38630000)
}
Event: 96.357 GC heap before
{Heap before GC invocations=18 (full 2):
 def new generation   total 13632K, used 13632K [0x23830000, 0x246f0000, 0x28ad0000)
  eden space 12160K, 100% used [0x23830000, 0x24410000, 0x24410000)
  from space 1472K, 100% used [0x24580000, 0x246f0000, 0x246f0000)
  to   space 1472K,   0% used [0x24410000, 0x24410000, 0x24580000)
 tenured generation   total 30128K, used 27954K [0x28ad0000, 0x2a83c000, 0x33030000)
   the space 30128K,  92% used [0x28ad0000, 0x2a61ca88, 0x2a61cc00, 0x2a83c000)
 compacting perm gen  total 12288K, used 7932K [0x33030000, 0x33c30000, 0x37030000)
   the space 12288K,  64% used [0x33030000, 0x337ef058, 0x337ef200, 0x33c30000)
    ro space 10240K,  42% used [0x37030000, 0x37471958, 0x37471a00, 0x37a30000)
    rw space 12288K,  54% used [0x37a30000, 0x380b25f0, 0x380b2600, 0x38630000)
Event: 96.548 GC heap after
Heap after GC invocations=19 (full 3):
 def new generation   total 21824K, used 0K [0x23830000, 0x24fd0000, 0x28ad0000)
  eden space 19456K,   0% used [0x23830000, 0x23830000, 0x24b30000)
  from space 2368K,   0% used [0x24b30000, 0x24b30000, 0x24d80000)
  to   space 2368K,   0% used [0x24d80000, 0x24d80000, 0x24fd0000)
 tenured generation   total 48288K, used 28970K [0x28ad0000, 0x2b9f8000, 0x33030000)
   the space 48288K,  59% used [0x28ad0000, 0x2a71aa60, 0x2a71ac00, 0x2b9f8000)
 compacting perm gen  total 12288K, used 7932K [0x33030000, 0x33c30000, 0x37030000)
   the space 12288K,  64% used [0x33030000, 0x337ef058, 0x337ef200, 0x33c30000)
    ro space 10240K,  42% used [0x37030000, 0x37471958, 0x37471a00, 0x37a30000)
    rw space 12288K,  54% used [0x37a30000, 0x380b25f0, 0x380b2600, 0x38630000)
}

