# JRE version: 7.0_13-b20
# Java VM: Java HotSpot(TM) Client VM (23.7-b01 mixed mode, sharing windows-x86 )
Heap
 def new generation   total 11008K, used 9868K [0x23830000, 0x24420000, 0x28ad0000)
  eden space 9792K,  92% used [0x23830000, 0x24104d48, 0x241c0000)
  from space 1216K,  67% used [0x242f0000, 0x243be4b8, 0x24420000)
  to   space 1216K,   0% used [0x241c0000, 0x241c0000, 0x242f0000)
 tenured generation   total 24360K, used 20220K [0x28ad0000, 0x2a29a000, 0x33030000)
   the space 24360K,  83% used [0x28ad0000, 0x29e8f020, 0x29e8f200, 0x2a29a000)
 compacting perm gen  total 12288K, used 8270K [0x33030000, 0x33c30000, 0x37030000)
   the space 12288K,  67% used [0x33030000, 0x338438f0, 0x33843a00, 0x33c30000)
    ro space 10240K,  42% used [0x37030000, 0x37471958, 0x37471a00, 0x37a30000)
    rw space 12288K,  54% used [0x37a30000, 0x380b25f0, 0x380b2600, 0x38630000)
GC Heap History (10 events):
Event: 63.771 GC heap before
{Heap before GC invocations=13 (full 1):
 def new generation   total 7168K, used 7153K [0x23830000, 0x23ff0000, 0x28ad0000)
  eden space 6400K, 100% used [0x23830000, 0x23e70000, 0x23e70000)
  from space 768K,  98% used [0x23e70000, 0x23f2c458, 0x23f30000)
  to   space 768K,   0% used [0x23f30000, 0x23f30000, 0x23ff0000)
 tenured generation   total 15820K, used 11454K [0x28ad0000, 0x29a43000, 0x33030000)
   the space 15820K,  72% used [0x28ad0000, 0x295ffab8, 0x295ffc00, 0x29a43000)
 compacting perm gen  total 12288K, used 8247K [0x33030000, 0x33c30000, 0x37030000)
   the space 12288K,  67% used [0x33030000, 0x3383dd78, 0x3383de00, 0x33c30000)
    ro space 10240K,  42% used [0x37030000, 0x37471958, 0x37471a00, 0x37a30000)
    rw space 12288K,  54% used [0x37a30000, 0x380b25f0, 0x380b2600, 0x38630000)
Event: 63.787 GC heap after
Heap after GC invocations=14 (full 1):
 def new generation   total 7168K, used 768K [0x23830000, 0x23ff0000, 0x28ad0000)
  eden space 6400K,   0% used [0x23830000, 0x23830000, 0x23e70000)
  from space 768K, 100% used [0x23f30000, 0x23ff0000, 0x23ff0000)
  to   space 768K,   0% used [0x23e70000, 0x23e70000, 0x23f30000)
 tenured generation   total 15820K, used 13399K [0x28ad0000, 0x29a43000, 0x33030000)
   the space 15820K,  84% used [0x28ad0000, 0x297e5d90, 0x297e5e00, 0x29a43000)
 compacting perm gen  total 12288K, used 8247K [0x33030000, 0x33c30000, 0x37030000)
   the space 12288K,  67% used [0x33030000, 0x3383dd78, 0x3383de00, 0x33c30000)
    ro space 10240K,  42% used [0x37030000, 0x37471958, 0x37471a00, 0x37a30000)
    rw space 12288K,  54% used [0x37a30000, 0x380b25f0, 0x380b2600, 0x38630000)
}
Event: 75.060 GC heap before
{Heap before GC invocations=14 (full 1):
 def new generation   total 7168K, used 7168K [0x23830000, 0x23ff0000, 0x28ad0000)
  eden space 6400K, 100% used [0x23830000, 0x23e70000, 0x23e70000)
  from space 768K, 100% used [0x23f30000, 0x23ff0000, 0x23ff0000)
  to   space 768K,   0% used [0x23e70000, 0x23e70000, 0x23f30000)
 tenured generation   total 15820K, used 13399K [0x28ad0000, 0x29a43000, 0x33030000)
   the space 15820K,  84% used [0x28ad0000, 0x297e5d90, 0x297e5e00, 0x29a43000)
 compacting perm gen  total 12288K, used 8257K [0x33030000, 0x33c30000, 0x37030000)
   the space 12288K,  67% used [0x33030000, 0x33840688, 0x33840800, 0x33c30000)
    ro space 10240K,  42% used [0x37030000, 0x37471958, 0x37471a00, 0x37a30000)
    rw space 12288K,  54% used [0x37a30000, 0x380b25f0, 0x380b2600, 0x38630000)
Event: 75.075 GC heap after
Heap after GC invocations=15 (full 1):
 def new generation   total 7168K, used 768K [0x23830000, 0x23ff0000, 0x28ad0000)
  eden space 6400K,   0% used [0x23830000, 0x23830000, 0x23e70000)
  from space 768K, 100% used [0x23e70000, 0x23f30000, 0x23f30000)
  to   space 768K,   0% used [0x23f30000, 0x23f30000, 0x23ff0000)
 tenured generation   total 15820K, used 14656K [0x28ad0000, 0x29a43000, 0x33030000)
   the space 15820K,  92% used [0x28ad0000, 0x29920028, 0x29920200, 0x29a43000)
 compacting perm gen  total 12288K, used 8257K [0x33030000, 0x33c30000, 0x37030000)
   the space 12288K,  67% used [0x33030000, 0x33840688, 0x33840800, 0x33c30000)
    ro space 10240K,  42% used [0x37030000, 0x37471958, 0x37471a00, 0x37a30000)
    rw space 12288K,  54% used [0x37a30000, 0x380b25f0, 0x380b2600, 0x38630000)
}
Event: 89.350 GC heap before
{Heap before GC invocations=15 (full 1):
 def new generation   total 7168K, used 6085K [0x23830000, 0x23ff0000, 0x28ad0000)
  eden space 6400K,  83% used [0x23830000, 0x23d61588, 0x23e70000)
  from space 768K, 100% used [0x23e70000, 0x23f30000, 0x23f30000)
  to   space 768K,   0% used [0x23f30000, 0x23f30000, 0x23ff0000)
 tenured generation   total 15820K, used 14656K [0x28ad0000, 0x29a43000, 0x33030000)
   the space 15820K,  92% used [0x28ad0000, 0x29920028, 0x29920200, 0x29a43000)
 compacting perm gen  total 12288K, used 8262K [0x33030000, 0x33c30000, 0x37030000)
   the space 12288K,  67% used [0x33030000, 0x33841810, 0x33841a00, 0x33c30000)
    ro space 10240K,  42% used [0x37030000, 0x37471958, 0x37471a00, 0x37a30000)
    rw space 12288K,  54% used [0x37a30000, 0x380b25f0, 0x380b2600, 0x38630000)
Event: 89.359 GC heap after
Heap after GC invocations=16 (full 1):
 def new generation   total 7168K, used 768K [0x23830000, 0x23ff0000, 0x28ad0000)
  eden space 6400K,   0% used [0x23830000, 0x23830000, 0x23e70000)
  from space 768K, 100% used [0x23f30000, 0x23ff0000, 0x23ff0000)
  to   space 768K,   0% used [0x23e70000, 0x23e70000, 0x23f30000)
 tenured generation   total 15820K, used 15622K [0x28ad0000, 0x29a43000, 0x33030000)
   the space 15820K,  98% used [0x28ad0000, 0x29a11a90, 0x29a11c00, 0x29a43000)
 compacting perm gen  total 12288K, used 8262K [0x33030000, 0x33c30000, 0x37030000)
   the space 12288K,  67% used [0x33030000, 0x33841810, 0x33841a00, 0x33c30000)
    ro space 10240K,  42% used [0x37030000, 0x37471958, 0x37471a00, 0x37a30000)
    rw space 12288K,  54% used [0x37a30000, 0x380b25f0, 0x380b2600, 0x38630000)
}
Event: 89.441 GC heap before
{Heap before GC invocations=16 (full 1):
 def new generation   total 7168K, used 6503K [0x23830000, 0x23ff0000, 0x28ad0000)
  eden space 6400K,  89% used [0x23830000, 0x23dc9c38, 0x23e70000)
  from space 768K, 100% used [0x23f30000, 0x23ff0000, 0x23ff0000)
  to   space 768K,   0% used [0x23e70000, 0x23e70000, 0x23f30000)
 tenured generation   total 15820K, used 15622K [0x28ad0000, 0x29a43000, 0x33030000)
   the space 15820K,  98% used [0x28ad0000, 0x29a11a90, 0x29a11c00, 0x29a43000)
 compacting perm gen  total 12288K, used 8262K [0x33030000, 0x33c30000, 0x37030000)
   the space 12288K,  67% used [0x33030000, 0x33841810, 0x33841a00, 0x33c30000)
    ro space 10240K,  42% used [0x37030000, 0x37471958, 0x37471a00, 0x37a30000)
    rw space 12288K,  54% used [0x37a30000, 0x380b25f0, 0x380b2600, 0x38630000)
Event: 89.575 GC heap after
Heap after GC invocations=17 (full 2):
 def new generation   total 11008K, used 0K [0x23830000, 0x24420000, 0x28ad0000)
  eden space 9792K,   0% used [0x23830000, 0x23830000, 0x241c0000)
  from space 1216K,   0% used [0x241c0000, 0x241c0000, 0x242f0000)
  to   space 1216K,   0% used [0x242f0000, 0x242f0000, 0x24420000)
 tenured generation   total 24360K, used 14613K [0x28ad0000, 0x2a29a000, 0x33030000)
   the space 24360K,  59% used [0x28ad0000, 0x29915710, 0x29915800, 0x2a29a000)
 compacting perm gen  total 12288K, used 8262K [0x33030000, 0x33c30000, 0x37030000)
   the space 12288K,  67% used [0x33030000, 0x33841810, 0x33841a00, 0x33c30000)
    ro space 10240K,  42% used [0x37030000, 0x37471958, 0x37471a00, 0x37a30000)
    rw space 12288K,  54% used [0x37a30000, 0x380b25f0, 0x380b2600, 0x38630000)
}
Event: 97.612 GC heap before
{Heap before GC invocations=17 (full 2):
 def new generation   total 11008K, used 9576K [0x23830000, 0x24420000, 0x28ad0000)
  eden space 9792K,  97% used [0x23830000, 0x2418a2a8, 0x241c0000)
  from space 1216K,   0% used [0x241c0000, 0x241c0000, 0x242f0000)
  to   space 1216K,   0% used [0x242f0000, 0x242f0000, 0x24420000)
 tenured generation   total 24360K, used 14613K [0x28ad0000, 0x2a29a000, 0x33030000)
   the space 24360K,  59% used [0x28ad0000, 0x29915710, 0x29915800, 0x2a29a000)
 compacting perm gen  total 12288K, used 8265K [0x33030000, 0x33c30000, 0x37030000)
   the space 12288K,  67% used [0x33030000, 0x33842688, 0x33842800, 0x33c30000)
    ro space 10240K,  42% used [0x37030000, 0x37471958, 0x37471a00, 0x37a30000)
    rw space 12288K,  54% used [0x37a30000, 0x380b25f0, 0x380b2600, 0x38630000)
Event: 97.625 GC heap after
Heap after GC invocations=18 (full 2):
 def new generation   total 11008K, used 825K [0x23830000, 0x24420000, 0x28ad0000)
  eden space 9792K,   0% used [0x23830000, 0x23830000, 0x241c0000)
  from space 1216K,  67% used [0x242f0000, 0x243be4b8, 0x24420000)
  to   space 1216K,   0% used [0x241c0000, 0x241c0000, 0x242f0000)
 tenured generation   total 24360K, used 20220K [0x28ad0000, 0x2a29a000, 0x33030000)
   the space 24360K,  83% used [0x28ad0000, 0x29e8f020, 0x29e8f200, 0x2a29a000)
 compacting perm gen  total 12288K, used 8265K [0x33030000, 0x33c30000, 0x37030000)
   the space 12288K,  67% used [0x33030000, 0x33842688, 0x33842800, 0x33c30000)
    ro space 10240K,  42% used [0x37030000, 0x37471958, 0x37471a00, 0x37a30000)
    rw space 12288K,  54% used [0x37a30000, 0x380b25f0, 0x380b2600, 0x38630000)
}

